CRITICAL - 2024-07-17 22:10:31 --> Undefined variable: penulis
#0 /Users/martabak/Downloads/ci4-blog-master/ci4-blog-master/app/Views/depan/v_template_header.php(61): CodeIgniter\Debug\Exceptions->errorHandler(8, 'Undefined varia...', '/Users/martabak...', 61, Array)
#1 /Users/martabak/Downloads/ci4-blog-master/ci4-blog-master/vendor/codeigniter4/framework/system/View/View.php(210): include('/Users/martabak...')
#2 /Users/martabak/Downloads/ci4-blog-master/ci4-blog-master/vendor/codeigniter4/framework/system/View/View.php(213): CodeIgniter\View\View->CodeIgniter\View\{closure}()
#3 /Users/martabak/Downloads/ci4-blog-master/ci4-blog-master/vendor/codeigniter4/framework/system/Common.php(1089): CodeIgniter\View\View->render('depan/v_templat...', Array, true)
#4 /Users/martabak/Downloads/ci4-blog-master/ci4-blog-master/app/Controllers/Contact.php(85): view('depan/v_templat...', Array)
#5 /Users/martabak/Downloads/ci4-blog-master/ci4-blog-master/vendor/codeigniter4/framework/system/CodeIgniter.php(832): App\Controllers\Contact->index()
#6 /Users/martabak/Downloads/ci4-blog-master/ci4-blog-master/vendor/codeigniter4/framework/system/CodeIgniter.php(419): CodeIgniter\CodeIgniter->runController(Object(App\Controllers\Contact))
#7 /Users/martabak/Downloads/ci4-blog-master/ci4-blog-master/vendor/codeigniter4/framework/system/CodeIgniter.php(326): CodeIgniter\CodeIgniter->handleRequest(NULL, Object(Config\Cache), false)
#8 /Users/martabak/Downloads/ci4-blog-master/ci4-blog-master/public/index.php(37): CodeIgniter\CodeIgniter->run()
#9 /Users/martabak/Downloads/ci4-blog-master/ci4-blog-master/vendor/codeigniter4/framework/system/Commands/Server/rewrite.php(43): require_once('/Users/martabak...')
#10 {main}
CRITICAL - 2024-07-17 22:10:38 --> Undefined variable: penulis
#0 /Users/martabak/Downloads/ci4-blog-master/ci4-blog-master/app/Views/depan/v_template_header.php(61): CodeIgniter\Debug\Exceptions->errorHandler(8, 'Undefined varia...', '/Users/martabak...', 61, Array)
#1 /Users/martabak/Downloads/ci4-blog-master/ci4-blog-master/vendor/codeigniter4/framework/system/View/View.php(210): include('/Users/martabak...')
#2 /Users/martabak/Downloads/ci4-blog-master/ci4-blog-master/vendor/codeigniter4/framework/system/View/View.php(213): CodeIgniter\View\View->CodeIgniter\View\{closure}()
#3 /Users/martabak/Downloads/ci4-blog-master/ci4-blog-master/vendor/codeigniter4/framework/system/Common.php(1089): CodeIgniter\View\View->render('depan/v_templat...', Array, true)
#4 /Users/martabak/Downloads/ci4-blog-master/ci4-blog-master/app/Controllers/Contact.php(85): view('depan/v_templat...', Array)
#5 /Users/martabak/Downloads/ci4-blog-master/ci4-blog-master/vendor/codeigniter4/framework/system/CodeIgniter.php(832): App\Controllers\Contact->index()
#6 /Users/martabak/Downloads/ci4-blog-master/ci4-blog-master/vendor/codeigniter4/framework/system/CodeIgniter.php(419): CodeIgniter\CodeIgniter->runController(Object(App\Controllers\Contact))
#7 /Users/martabak/Downloads/ci4-blog-master/ci4-blog-master/vendor/codeigniter4/framework/system/CodeIgniter.php(326): CodeIgniter\CodeIgniter->handleRequest(NULL, Object(Config\Cache), false)
#8 /Users/martabak/Downloads/ci4-blog-master/ci4-blog-master/public/index.php(37): CodeIgniter\CodeIgniter->run()
#9 /Users/martabak/Downloads/ci4-blog-master/ci4-blog-master/vendor/codeigniter4/framework/system/Commands/Server/rewrite.php(43): require_once('/Users/martabak...')
#10 {main}
CRITICAL - 2024-07-17 22:10:41 --> Undefined variable: penulis
#0 /Users/martabak/Downloads/ci4-blog-master/ci4-blog-master/app/Views/depan/v_template_header.php(61): CodeIgniter\Debug\Exceptions->errorHandler(8, 'Undefined varia...', '/Users/martabak...', 61, Array)
#1 /Users/martabak/Downloads/ci4-blog-master/ci4-blog-master/vendor/codeigniter4/framework/system/View/View.php(210): include('/Users/martabak...')
#2 /Users/martabak/Downloads/ci4-blog-master/ci4-blog-master/vendor/codeigniter4/framework/system/View/View.php(213): CodeIgniter\View\View->CodeIgniter\View\{closure}()
#3 /Users/martabak/Downloads/ci4-blog-master/ci4-blog-master/vendor/codeigniter4/framework/system/Common.php(1089): CodeIgniter\View\View->render('depan/v_templat...', Array, true)
#4 /Users/martabak/Downloads/ci4-blog-master/ci4-blog-master/app/Controllers/Contact.php(85): view('depan/v_templat...', Array)
#5 /Users/martabak/Downloads/ci4-blog-master/ci4-blog-master/vendor/codeigniter4/framework/system/CodeIgniter.php(832): App\Controllers\Contact->index()
#6 /Users/martabak/Downloads/ci4-blog-master/ci4-blog-master/vendor/codeigniter4/framework/system/CodeIgniter.php(419): CodeIgniter\CodeIgniter->runController(Object(App\Controllers\Contact))
#7 /Users/martabak/Downloads/ci4-blog-master/ci4-blog-master/vendor/codeigniter4/framework/system/CodeIgniter.php(326): CodeIgniter\CodeIgniter->handleRequest(NULL, Object(Config\Cache), false)
#8 /Users/martabak/Downloads/ci4-blog-master/ci4-blog-master/public/index.php(37): CodeIgniter\CodeIgniter->run()
#9 /Users/martabak/Downloads/ci4-blog-master/ci4-blog-master/vendor/codeigniter4/framework/system/Commands/Server/rewrite.php(43): require_once('/Users/martabak...')
#10 {main}
CRITICAL - 2024-07-17 22:12:02 --> Undefined variable: blog
#0 /Users/martabak/Downloads/ci4-blog-master/ci4-blog-master/app/Views/depan/v_template_header.php(61): CodeIgniter\Debug\Exceptions->errorHandler(8, 'Undefined varia...', '/Users/martabak...', 61, Array)
#1 /Users/martabak/Downloads/ci4-blog-master/ci4-blog-master/vendor/codeigniter4/framework/system/View/View.php(210): include('/Users/martabak...')
#2 /Users/martabak/Downloads/ci4-blog-master/ci4-blog-master/vendor/codeigniter4/framework/system/View/View.php(213): CodeIgniter\View\View->CodeIgniter\View\{closure}()
#3 /Users/martabak/Downloads/ci4-blog-master/ci4-blog-master/vendor/codeigniter4/framework/system/Common.php(1089): CodeIgniter\View\View->render('depan/v_templat...', Array, true)
#4 /Users/martabak/Downloads/ci4-blog-master/ci4-blog-master/app/Controllers/Contact.php(85): view('depan/v_templat...', Array)
#5 /Users/martabak/Downloads/ci4-blog-master/ci4-blog-master/vendor/codeigniter4/framework/system/CodeIgniter.php(832): App\Controllers\Contact->index()
#6 /Users/martabak/Downloads/ci4-blog-master/ci4-blog-master/vendor/codeigniter4/framework/system/CodeIgniter.php(419): CodeIgniter\CodeIgniter->runController(Object(App\Controllers\Contact))
#7 /Users/martabak/Downloads/ci4-blog-master/ci4-blog-master/vendor/codeigniter4/framework/system/CodeIgniter.php(326): CodeIgniter\CodeIgniter->handleRequest(NULL, Object(Config\Cache), false)
#8 /Users/martabak/Downloads/ci4-blog-master/ci4-blog-master/public/index.php(37): CodeIgniter\CodeIgniter->run()
#9 /Users/martabak/Downloads/ci4-blog-master/ci4-blog-master/vendor/codeigniter4/framework/system/Commands/Server/rewrite.php(43): require_once('/Users/martabak...')
#10 {main}
CRITICAL - 2024-07-17 22:12:03 --> Undefined variable: blog
#0 /Users/martabak/Downloads/ci4-blog-master/ci4-blog-master/app/Views/depan/v_template_header.php(61): CodeIgniter\Debug\Exceptions->errorHandler(8, 'Undefined varia...', '/Users/martabak...', 61, Array)
#1 /Users/martabak/Downloads/ci4-blog-master/ci4-blog-master/vendor/codeigniter4/framework/system/View/View.php(210): include('/Users/martabak...')
#2 /Users/martabak/Downloads/ci4-blog-master/ci4-blog-master/vendor/codeigniter4/framework/system/View/View.php(213): CodeIgniter\View\View->CodeIgniter\View\{closure}()
#3 /Users/martabak/Downloads/ci4-blog-master/ci4-blog-master/vendor/codeigniter4/framework/system/Common.php(1089): CodeIgniter\View\View->render('depan/v_templat...', Array, true)
#4 /Users/martabak/Downloads/ci4-blog-master/ci4-blog-master/app/Controllers/Contact.php(85): view('depan/v_templat...', Array)
#5 /Users/martabak/Downloads/ci4-blog-master/ci4-blog-master/vendor/codeigniter4/framework/system/CodeIgniter.php(832): App\Controllers\Contact->index()
#6 /Users/martabak/Downloads/ci4-blog-master/ci4-blog-master/vendor/codeigniter4/framework/system/CodeIgniter.php(419): CodeIgniter\CodeIgniter->runController(Object(App\Controllers\Contact))
#7 /Users/martabak/Downloads/ci4-blog-master/ci4-blog-master/vendor/codeigniter4/framework/system/CodeIgniter.php(326): CodeIgniter\CodeIgniter->handleRequest(NULL, Object(Config\Cache), false)
#8 /Users/martabak/Downloads/ci4-blog-master/ci4-blog-master/public/index.php(37): CodeIgniter\CodeIgniter->run()
#9 /Users/martabak/Downloads/ci4-blog-master/ci4-blog-master/vendor/codeigniter4/framework/system/Commands/Server/rewrite.php(43): require_once('/Users/martabak...')
#10 {main}
CRITICAL - 2024-07-17 22:12:10 --> Undefined variable: penulis
#0 /Users/martabak/Downloads/ci4-blog-master/ci4-blog-master/app/Views/depan/v_template_header.php(61): CodeIgniter\Debug\Exceptions->errorHandler(8, 'Undefined varia...', '/Users/martabak...', 61, Array)
#1 /Users/martabak/Downloads/ci4-blog-master/ci4-blog-master/vendor/codeigniter4/framework/system/View/View.php(210): include('/Users/martabak...')
#2 /Users/martabak/Downloads/ci4-blog-master/ci4-blog-master/vendor/codeigniter4/framework/system/View/View.php(213): CodeIgniter\View\View->CodeIgniter\View\{closure}()
#3 /Users/martabak/Downloads/ci4-blog-master/ci4-blog-master/vendor/codeigniter4/framework/system/Common.php(1089): CodeIgniter\View\View->render('depan/v_templat...', Array, true)
#4 /Users/martabak/Downloads/ci4-blog-master/ci4-blog-master/app/Controllers/Contact.php(85): view('depan/v_templat...', Array)
#5 /Users/martabak/Downloads/ci4-blog-master/ci4-blog-master/vendor/codeigniter4/framework/system/CodeIgniter.php(832): App\Controllers\Contact->index()
#6 /Users/martabak/Downloads/ci4-blog-master/ci4-blog-master/vendor/codeigniter4/framework/system/CodeIgniter.php(419): CodeIgniter\CodeIgniter->runController(Object(App\Controllers\Contact))
#7 /Users/martabak/Downloads/ci4-blog-master/ci4-blog-master/vendor/codeigniter4/framework/system/CodeIgniter.php(326): CodeIgniter\CodeIgniter->handleRequest(NULL, Object(Config\Cache), false)
#8 /Users/martabak/Downloads/ci4-blog-master/ci4-blog-master/public/index.php(37): CodeIgniter\CodeIgniter->run()
#9 /Users/martabak/Downloads/ci4-blog-master/ci4-blog-master/vendor/codeigniter4/framework/system/Commands/Server/rewrite.php(43): require_once('/Users/martabak...')
#10 {main}
CRITICAL - 2024-07-17 22:12:53 --> Undefined variable: penulis
#0 /Users/martabak/Downloads/ci4-blog-master/ci4-blog-master/app/Views/depan/v_template_header.php(61): CodeIgniter\Debug\Exceptions->errorHandler(8, 'Undefined varia...', '/Users/martabak...', 61, Array)
#1 /Users/martabak/Downloads/ci4-blog-master/ci4-blog-master/vendor/codeigniter4/framework/system/View/View.php(210): include('/Users/martabak...')
#2 /Users/martabak/Downloads/ci4-blog-master/ci4-blog-master/vendor/codeigniter4/framework/system/View/View.php(213): CodeIgniter\View\View->CodeIgniter\View\{closure}()
#3 /Users/martabak/Downloads/ci4-blog-master/ci4-blog-master/vendor/codeigniter4/framework/system/Common.php(1089): CodeIgniter\View\View->render('depan/v_templat...', Array, true)
#4 /Users/martabak/Downloads/ci4-blog-master/ci4-blog-master/app/Controllers/Contact.php(85): view('depan/v_templat...', Array)
#5 /Users/martabak/Downloads/ci4-blog-master/ci4-blog-master/vendor/codeigniter4/framework/system/CodeIgniter.php(832): App\Controllers\Contact->index()
#6 /Users/martabak/Downloads/ci4-blog-master/ci4-blog-master/vendor/codeigniter4/framework/system/CodeIgniter.php(419): CodeIgniter\CodeIgniter->runController(Object(App\Controllers\Contact))
#7 /Users/martabak/Downloads/ci4-blog-master/ci4-blog-master/vendor/codeigniter4/framework/system/CodeIgniter.php(326): CodeIgniter\CodeIgniter->handleRequest(NULL, Object(Config\Cache), false)
#8 /Users/martabak/Downloads/ci4-blog-master/ci4-blog-master/public/index.php(37): CodeIgniter\CodeIgniter->run()
#9 /Users/martabak/Downloads/ci4-blog-master/ci4-blog-master/vendor/codeigniter4/framework/system/Commands/Server/rewrite.php(43): require_once('/Users/martabak...')
#10 {main}
CRITICAL - 2024-07-17 22:13:08 --> Undefined variable: tanggal
#0 /Users/martabak/Downloads/ci4-blog-master/ci4-blog-master/app/Views/depan/v_template_header.php(61): CodeIgniter\Debug\Exceptions->errorHandler(8, 'Undefined varia...', '/Users/martabak...', 61, Array)
#1 /Users/martabak/Downloads/ci4-blog-master/ci4-blog-master/vendor/codeigniter4/framework/system/View/View.php(210): include('/Users/martabak...')
#2 /Users/martabak/Downloads/ci4-blog-master/ci4-blog-master/vendor/codeigniter4/framework/system/View/View.php(213): CodeIgniter\View\View->CodeIgniter\View\{closure}()
#3 /Users/martabak/Downloads/ci4-blog-master/ci4-blog-master/vendor/codeigniter4/framework/system/Common.php(1089): CodeIgniter\View\View->render('depan/v_templat...', Array, true)
#4 /Users/martabak/Downloads/ci4-blog-master/ci4-blog-master/app/Controllers/Contact.php(85): view('depan/v_templat...', Array)
#5 /Users/martabak/Downloads/ci4-blog-master/ci4-blog-master/vendor/codeigniter4/framework/system/CodeIgniter.php(832): App\Controllers\Contact->index()
#6 /Users/martabak/Downloads/ci4-blog-master/ci4-blog-master/vendor/codeigniter4/framework/system/CodeIgniter.php(419): CodeIgniter\CodeIgniter->runController(Object(App\Controllers\Contact))
#7 /Users/martabak/Downloads/ci4-blog-master/ci4-blog-master/vendor/codeigniter4/framework/system/CodeIgniter.php(326): CodeIgniter\CodeIgniter->handleRequest(NULL, Object(Config\Cache), false)
#8 /Users/martabak/Downloads/ci4-blog-master/ci4-blog-master/public/index.php(37): CodeIgniter\CodeIgniter->run()
#9 /Users/martabak/Downloads/ci4-blog-master/ci4-blog-master/vendor/codeigniter4/framework/system/Commands/Server/rewrite.php(43): require_once('/Users/martabak...')
#10 {main}
CRITICAL - 2024-07-17 22:13:09 --> Undefined variable: tanggal
#0 /Users/martabak/Downloads/ci4-blog-master/ci4-blog-master/app/Views/depan/v_template_header.php(61): CodeIgniter\Debug\Exceptions->errorHandler(8, 'Undefined varia...', '/Users/martabak...', 61, Array)
#1 /Users/martabak/Downloads/ci4-blog-master/ci4-blog-master/vendor/codeigniter4/framework/system/View/View.php(210): include('/Users/martabak...')
#2 /Users/martabak/Downloads/ci4-blog-master/ci4-blog-master/vendor/codeigniter4/framework/system/View/View.php(213): CodeIgniter\View\View->CodeIgniter\View\{closure}()
#3 /Users/martabak/Downloads/ci4-blog-master/ci4-blog-master/vendor/codeigniter4/framework/system/Common.php(1089): CodeIgniter\View\View->render('depan/v_templat...', Array, true)
#4 /Users/martabak/Downloads/ci4-blog-master/ci4-blog-master/app/Controllers/Contact.php(85): view('depan/v_templat...', Array)
#5 /Users/martabak/Downloads/ci4-blog-master/ci4-blog-master/vendor/codeigniter4/framework/system/CodeIgniter.php(832): App\Controllers\Contact->index()
#6 /Users/martabak/Downloads/ci4-blog-master/ci4-blog-master/vendor/codeigniter4/framework/system/CodeIgniter.php(419): CodeIgniter\CodeIgniter->runController(Object(App\Controllers\Contact))
#7 /Users/martabak/Downloads/ci4-blog-master/ci4-blog-master/vendor/codeigniter4/framework/system/CodeIgniter.php(326): CodeIgniter\CodeIgniter->handleRequest(NULL, Object(Config\Cache), false)
#8 /Users/martabak/Downloads/ci4-blog-master/ci4-blog-master/public/index.php(37): CodeIgniter\CodeIgniter->run()
#9 /Users/martabak/Downloads/ci4-blog-master/ci4-blog-master/vendor/codeigniter4/framework/system/Commands/Server/rewrite.php(43): require_once('/Users/martabak...')
#10 {main}
CRITICAL - 2024-07-17 22:13:27 --> Undefined variable: penulis
#0 /Users/martabak/Downloads/ci4-blog-master/ci4-blog-master/app/Views/depan/v_template_header.php(61): CodeIgniter\Debug\Exceptions->errorHandler(8, 'Undefined varia...', '/Users/martabak...', 61, Array)
#1 /Users/martabak/Downloads/ci4-blog-master/ci4-blog-master/vendor/codeigniter4/framework/system/View/View.php(210): include('/Users/martabak...')
#2 /Users/martabak/Downloads/ci4-blog-master/ci4-blog-master/vendor/codeigniter4/framework/system/View/View.php(213): CodeIgniter\View\View->CodeIgniter\View\{closure}()
#3 /Users/martabak/Downloads/ci4-blog-master/ci4-blog-master/vendor/codeigniter4/framework/system/Common.php(1089): CodeIgniter\View\View->render('depan/v_templat...', Array, true)
#4 /Users/martabak/Downloads/ci4-blog-master/ci4-blog-master/app/Controllers/Contact.php(85): view('depan/v_templat...', Array)
#5 /Users/martabak/Downloads/ci4-blog-master/ci4-blog-master/vendor/codeigniter4/framework/system/CodeIgniter.php(832): App\Controllers\Contact->index()
#6 /Users/martabak/Downloads/ci4-blog-master/ci4-blog-master/vendor/codeigniter4/framework/system/CodeIgniter.php(419): CodeIgniter\CodeIgniter->runController(Object(App\Controllers\Contact))
#7 /Users/martabak/Downloads/ci4-blog-master/ci4-blog-master/vendor/codeigniter4/framework/system/CodeIgniter.php(326): CodeIgniter\CodeIgniter->handleRequest(NULL, Object(Config\Cache), false)
#8 /Users/martabak/Downloads/ci4-blog-master/ci4-blog-master/public/index.php(37): CodeIgniter\CodeIgniter->run()
#9 /Users/martabak/Downloads/ci4-blog-master/ci4-blog-master/vendor/codeigniter4/framework/system/Commands/Server/rewrite.php(43): require_once('/Users/martabak...')
#10 {main}
